[01m[K/home/vietdh/ros2_workspace/src/asignment_2_ros/src/kf_node.cpp:[m[K In constructor â€˜[01m[KKFNode::KFNode(const string&, const string&)[m[Kâ€™:
[01m[K/home/vietdh/ros2_workspace/src/asignment_2_ros/src/kf_node.cpp:13:7:[m[K [01;35m[Kwarning: [m[Kunused variable â€˜[01m[Kresult[m[Kâ€™ [[01;35m[K-Wunused-variable[m[K]
   13 |   int [01;35m[Kresult[m[K = XKalmanfilterkernel_Initialize(&kf_kernel,"KalmanFilterKernel_0");
      |       [01;35m[K^~~~~~[m[K
[01m[K/home/vietdh/ros2_workspace/src/asignment_2_ros/src/kf_node.cpp:[m[K In member function â€˜[01m[Kvoid KFNode::pos_meas_callback(std_msgs::msg::Float32MultiArray_<std::allocator<void> >::SharedPtr)[m[Kâ€™:
[01m[K/home/vietdh/ros2_workspace/src/asignment_2_ros/src/kf_node.cpp:59:27:[m[K [01;31m[Kerror: [m[Kâ€˜[01m[Kwriter[m[Kâ€™ was not declared in this scope; did you mean â€˜[01m[Kwrite[m[Kâ€™?
   59 |    uint32_t *bram0_addr = [01;31m[Kwriter[m[K.GetPointer();
      |                           [01;31m[K^~~~~~[m[K
      |                           [32m[Kwrite[m[K
[01m[K/home/vietdh/ros2_workspace/src/asignment_2_ros/src/kf_node.cpp:60:27:[m[K [01;31m[Kerror: [m[Kâ€˜[01m[Kreader[m[Kâ€™ was not declared in this scope; did you mean â€˜[01m[Kread[m[Kâ€™?
   60 |    uint32_t *bram1_addr = [01;31m[Kreader[m[K.GetPointer();
      |                           [01;31m[K^~~~~~[m[K
      |                           [32m[Kread[m[K
[01m[K/home/vietdh/ros2_workspace/src/asignment_2_ros/src/kf_node.cpp:[m[K In member function â€˜[01m[Kvoid KFNode::control_input_callback(std_msgs::msg::Float32MultiArray_<std::allocator<void> >::SharedPtr)[m[Kâ€™:
[01m[K/home/vietdh/ros2_workspace/src/asignment_2_ros/src/kf_node.cpp:92:27:[m[K [01;31m[Kerror: [m[Kâ€˜[01m[Kwriter[m[Kâ€™ was not declared in this scope; did you mean â€˜[01m[Kwrite[m[Kâ€™?
   92 |    uint32_t *bram0_addr = [01;31m[Kwriter[m[K.GetPointer();
      |                           [01;31m[K^~~~~~[m[K
      |                           [32m[Kwrite[m[K
[01m[K/home/vietdh/ros2_workspace/src/asignment_2_ros/src/kf_node.cpp:93:27:[m[K [01;31m[Kerror: [m[Kâ€˜[01m[Kreader[m[Kâ€™ was not declared in this scope; did you mean â€˜[01m[Kread[m[Kâ€™?
   93 |    uint32_t *bram1_addr = [01;31m[Kreader[m[K.GetPointer();
      |                           [01;31m[K^~~~~~[m[K
      |                           [32m[Kread[m[K
[01m[K/home/vietdh/ros2_workspace/src/asignment_2_ros/src/kf_node.cpp:94:4:[m[K [01;31m[Kerror: [m[Kâ€˜[01m[Kpos_meas[m[Kâ€™ was not declared in this scope
   94 |    [01;31m[Kpos_meas[m[K =  pos_meas_queue.front();
      |    [01;31m[K^~~~~~~~[m[K
make[2]: *** [CMakeFiles/kf_node.dir/build.make:63: CMakeFiles/kf_node.dir/src/kf_node.cpp.o] Error 1
make[1]: *** [CMakeFiles/Makefile2:78: CMakeFiles/kf_node.dir/all] Error 2
make: *** [Makefile:141: all] Error 2
