[0.013s] Invoking command in '/home/vietdh/ros2_workspace/build/kf_package': CMAKE_PREFIX_PATH=${CMAKE_PREFIX_PATH}:/opt/ros/foxy /usr/bin/cmake --build /home/vietdh/ros2_workspace/build/kf_package -- -j12 -l12
[0.044s] [35m[1mScanning dependencies of target kf_node[0m
[0.063s] [ 20%] [32mBuilding CXX object CMakeFiles/kf_node.dir/src/kf_node.cpp.o[0m
[1.158s] [01m[K/home/vietdh/ros2_workspace/src/asignment_2_ros/src/kf_node.cpp:[m[K In constructor â€˜[01m[KKFNode::KFNode(const string&, const string&)[m[Kâ€™:
[1.158s] [01m[K/home/vietdh/ros2_workspace/src/asignment_2_ros/src/kf_node.cpp:13:7:[m[K [01;35m[Kwarning: [m[Kunused variable â€˜[01m[Kresult[m[Kâ€™ [[01;35m[K-Wunused-variable[m[K]
[1.159s]    13 |   int [01;35m[Kresult[m[K = XKalmanfilterkernel_Initialize(&kf_kernel,"KalmanFilterKernel_0");
[1.159s]       |       [01;35m[K^~~~~~[m[K
[1.162s] [01m[K/home/vietdh/ros2_workspace/src/asignment_2_ros/src/kf_node.cpp:[m[K In member function â€˜[01m[Kvoid KFNode::pos_meas_callback(std_msgs::msg::Float32MultiArray_<std::allocator<void> >::SharedPtr)[m[Kâ€™:
[1.162s] [01m[K/home/vietdh/ros2_workspace/src/asignment_2_ros/src/kf_node.cpp:59:27:[m[K [01;31m[Kerror: [m[Kâ€˜[01m[Kwriter[m[Kâ€™ was not declared in this scope; did you mean â€˜[01m[Kwrite[m[Kâ€™?
[1.162s]    59 |    uint32_t *bram0_addr = [01;31m[Kwriter[m[K.GetPointer();
[1.162s]       |                           [01;31m[K^~~~~~[m[K
[1.162s]       |                           [32m[Kwrite[m[K
[1.163s] [01m[K/home/vietdh/ros2_workspace/src/asignment_2_ros/src/kf_node.cpp:60:27:[m[K [01;31m[Kerror: [m[Kâ€˜[01m[Kreader[m[Kâ€™ was not declared in this scope; did you mean â€˜[01m[Kread[m[Kâ€™?
[1.163s]    60 |    uint32_t *bram1_addr = [01;31m[Kreader[m[K.GetPointer();
[1.163s]       |                           [01;31m[K^~~~~~[m[K
[1.163s]       |                           [32m[Kread[m[K
[1.164s] [01m[K/home/vietdh/ros2_workspace/src/asignment_2_ros/src/kf_node.cpp:[m[K In member function â€˜[01m[Kvoid KFNode::control_input_callback(std_msgs::msg::Float32MultiArray_<std::allocator<void> >::SharedPtr)[m[Kâ€™:
[1.164s] [01m[K/home/vietdh/ros2_workspace/src/asignment_2_ros/src/kf_node.cpp:92:27:[m[K [01;31m[Kerror: [m[Kâ€˜[01m[Kwriter[m[Kâ€™ was not declared in this scope; did you mean â€˜[01m[Kwrite[m[Kâ€™?
[1.164s]    92 |    uint32_t *bram0_addr = [01;31m[Kwriter[m[K.GetPointer();
[1.164s]       |                           [01;31m[K^~~~~~[m[K
[1.164s]       |                           [32m[Kwrite[m[K
[1.165s] [01m[K/home/vietdh/ros2_workspace/src/asignment_2_ros/src/kf_node.cpp:93:27:[m[K [01;31m[Kerror: [m[Kâ€˜[01m[Kreader[m[Kâ€™ was not declared in this scope; did you mean â€˜[01m[Kread[m[Kâ€™?
[1.165s]    93 |    uint32_t *bram1_addr = [01;31m[Kreader[m[K.GetPointer();
[1.165s]       |                           [01;31m[K^~~~~~[m[K
[1.165s]       |                           [32m[Kread[m[K
[1.166s] [01m[K/home/vietdh/ros2_workspace/src/asignment_2_ros/src/kf_node.cpp:94:4:[m[K [01;31m[Kerror: [m[Kâ€˜[01m[Kpos_meas[m[Kâ€™ was not declared in this scope
[1.166s]    94 |    [01;31m[Kpos_meas[m[K =  pos_meas_queue.front();
[1.166s]       |    [01;31m[K^~~~~~~~[m[K
[2.377s] make[2]: *** [CMakeFiles/kf_node.dir/build.make:63: CMakeFiles/kf_node.dir/src/kf_node.cpp.o] Error 1
[2.377s] make[1]: *** [CMakeFiles/Makefile2:78: CMakeFiles/kf_node.dir/all] Error 2
[2.377s] make: *** [Makefile:141: all] Error 2
[2.379s] Invoked command in '/home/vietdh/ros2_workspace/build/kf_package' returned '2': CMAKE_PREFIX_PATH=${CMAKE_PREFIX_PATH}:/opt/ros/foxy /usr/bin/cmake --build /home/vietdh/ros2_workspace/build/kf_package -- -j12 -l12
