[0.012s] Invoking command in '/home/vietdh/ros2_workspace/build/kf_package': CMAKE_PREFIX_PATH=${CMAKE_PREFIX_PATH}:/opt/ros/foxy /usr/bin/cmake --build /home/vietdh/ros2_workspace/build/kf_package -- -j12 -l12
[0.039s] [35m[1mScanning dependencies of target kf_node[0m
[0.056s] [ 20%] [32mBuilding CXX object CMakeFiles/kf_node.dir/src/kf_node.cpp.o[0m
[1.033s] [01m[K/home/vietdh/ros2_workspace/src/asignment_2_ros/src/kf_node.cpp:3:15:[m[K [01;31m[Kerror: [m[Kexpected constructor, destructor, or type conversion before â€˜[01m[K([m[Kâ€™ token
[1.033s]     3 | KFNode::KFNode[01;31m[K([m[K(const std::string & node_name, const std::string & node_namespace) : rclcpp::Node(node_name, node_namespace)) {
[1.033s]       |               [01;31m[K^[m[K
[1.510s] make[2]: *** [CMakeFiles/kf_node.dir/build.make:63: CMakeFiles/kf_node.dir/src/kf_node.cpp.o] Error 1
[1.510s] make[1]: *** [CMakeFiles/Makefile2:78: CMakeFiles/kf_node.dir/all] Error 2
[1.510s] make: *** [Makefile:141: all] Error 2
[1.512s] Invoked command in '/home/vietdh/ros2_workspace/build/kf_package' returned '2': CMAKE_PREFIX_PATH=${CMAKE_PREFIX_PATH}:/opt/ros/foxy /usr/bin/cmake --build /home/vietdh/ros2_workspace/build/kf_package -- -j12 -l12
