[01m[K/home/vietdh/ros2_workspace/src/asignment_2_ros/src/kf_node.cpp:[m[K In constructor â€˜[01m[KKFNode::KFNode(const string&, const string&)[m[Kâ€™:
[01m[K/home/vietdh/ros2_workspace/src/asignment_2_ros/src/kf_node.cpp:3:123:[m[K [01;31m[Kerror: [m[Kno matching function for call to â€˜[01m[KBRAM::BRAM()[m[Kâ€™
    3 | ng & node_namespace) : rclcpp::Node(node_name, node_namespace[01;31m[K)[m[K {
      |                                                              [01;31m[K^[m[K

In file included from [01m[K/home/vietdh/ros2_workspace/src/asignment_2_ros/src/kf_node.h:9[m[K,
                 from [01m[K/home/vietdh/ros2_workspace/src/asignment_2_ros/src/kf_node.cpp:1[m[K:
[01m[K/home/vietdh/ros2_workspace/src/asignment_2_ros/src/BRAM-uio-driver/src/bram_uio.h:30:5:[m[K [01;36m[Knote: [m[Kcandidate: â€˜[01m[KBRAM::BRAM(unsigned int, unsigned int)[m[Kâ€™
   30 |     [01;36m[KBRAM[m[K(unsigned int uio_number, unsigned int size) ;
      |     [01;36m[K^~~~[m[K
[01m[K/home/vietdh/ros2_workspace/src/asignment_2_ros/src/BRAM-uio-driver/src/bram_uio.h:30:5:[m[K [01;36m[Knote: [m[K  candidate expects 2 arguments, 0 provided
[01m[K/home/vietdh/ros2_workspace/src/asignment_2_ros/src/BRAM-uio-driver/src/bram_uio.h:27:7:[m[K [01;36m[Knote: [m[Kcandidate: â€˜[01m[Kconstexpr BRAM::BRAM(const BRAM&)[m[Kâ€™
   27 | class [01;36m[KBRAM[m[K {
      |       [01;36m[K^~~~[m[K
[01m[K/home/vietdh/ros2_workspace/src/asignment_2_ros/src/BRAM-uio-driver/src/bram_uio.h:27:7:[m[K [01;36m[Knote: [m[K  candidate expects 1 argument, 0 provided
[01m[K/home/vietdh/ros2_workspace/src/asignment_2_ros/src/BRAM-uio-driver/src/bram_uio.h:27:7:[m[K [01;36m[Knote: [m[Kcandidate: â€˜[01m[Kconstexpr BRAM::BRAM(BRAM&&)[m[Kâ€™
[01m[K/home/vietdh/ros2_workspace/src/asignment_2_ros/src/BRAM-uio-driver/src/bram_uio.h:27:7:[m[K [01;36m[Knote: [m[K  candidate expects 1 argument, 0 provided
[01m[K/home/vietdh/ros2_workspace/src/asignment_2_ros/src/kf_node.cpp:3:123:[m[K [01;31m[Kerror: [m[Kno matching function for call to â€˜[01m[KBRAM::BRAM()[m[Kâ€™
    3 | ng & node_namespace) : rclcpp::Node(node_name, node_namespace[01;31m[K)[m[K {
      |                                                              [01;31m[K^[m[K

In file included from [01m[K/home/vietdh/ros2_workspace/src/asignment_2_ros/src/kf_node.h:9[m[K,
                 from [01m[K/home/vietdh/ros2_workspace/src/asignment_2_ros/src/kf_node.cpp:1[m[K:
[01m[K/home/vietdh/ros2_workspace/src/asignment_2_ros/src/BRAM-uio-driver/src/bram_uio.h:30:5:[m[K [01;36m[Knote: [m[Kcandidate: â€˜[01m[KBRAM::BRAM(unsigned int, unsigned int)[m[Kâ€™
   30 |     [01;36m[KBRAM[m[K(unsigned int uio_number, unsigned int size) ;
      |     [01;36m[K^~~~[m[K
[01m[K/home/vietdh/ros2_workspace/src/asignment_2_ros/src/BRAM-uio-driver/src/bram_uio.h:30:5:[m[K [01;36m[Knote: [m[K  candidate expects 2 arguments, 0 provided
[01m[K/home/vietdh/ros2_workspace/src/asignment_2_ros/src/BRAM-uio-driver/src/bram_uio.h:27:7:[m[K [01;36m[Knote: [m[Kcandidate: â€˜[01m[Kconstexpr BRAM::BRAM(const BRAM&)[m[Kâ€™
   27 | class [01;36m[KBRAM[m[K {
      |       [01;36m[K^~~~[m[K
[01m[K/home/vietdh/ros2_workspace/src/asignment_2_ros/src/BRAM-uio-driver/src/bram_uio.h:27:7:[m[K [01;36m[Knote: [m[K  candidate expects 1 argument, 0 provided
[01m[K/home/vietdh/ros2_workspace/src/asignment_2_ros/src/BRAM-uio-driver/src/bram_uio.h:27:7:[m[K [01;36m[Knote: [m[Kcandidate: â€˜[01m[Kconstexpr BRAM::BRAM(BRAM&&)[m[Kâ€™
[01m[K/home/vietdh/ros2_workspace/src/asignment_2_ros/src/BRAM-uio-driver/src/bram_uio.h:27:7:[m[K [01;36m[Knote: [m[K  candidate expects 1 argument, 0 provided
[01m[K/home/vietdh/ros2_workspace/src/asignment_2_ros/src/kf_node.cpp:13:7:[m[K [01;35m[Kwarning: [m[Kunused variable â€˜[01m[Kresult[m[Kâ€™ [[01;35m[K-Wunused-variable[m[K]
   13 |   int [01;35m[Kresult[m[K = XKalmanfilterkernel_Initialize(&kf_kernel,"KalmanFilterKernel_0");
      |       [01;35m[K^~~~~~[m[K
make[2]: *** [CMakeFiles/kf_node.dir/build.make:63: CMakeFiles/kf_node.dir/src/kf_node.cpp.o] Error 1
make[1]: *** [CMakeFiles/Makefile2:78: CMakeFiles/kf_node.dir/all] Error 2
make: *** [Makefile:141: all] Error 2
