[0.013s] Invoking command in '/home/vietdh/ros2_workspace/build/kf_package': CMAKE_PREFIX_PATH=${CMAKE_PREFIX_PATH}:/opt/ros/foxy /usr/bin/cmake --build /home/vietdh/ros2_workspace/build/kf_package -- -j12 -l12
[0.044s] [35m[1mScanning dependencies of target kf_node[0m
[0.062s] [ 20%] [32mBuilding CXX object CMakeFiles/kf_node.dir/src/kf_node.cpp.o[0m
[1.191s] [01m[K/home/vietdh/ros2_workspace/src/asignment_2_ros/src/kf_node.cpp:[m[K In constructor â€˜[01m[KKFNode::KFNode(const string&, const string&)[m[Kâ€™:
[1.191s] [01m[K/home/vietdh/ros2_workspace/src/asignment_2_ros/src/kf_node.cpp:3:123:[m[K [01;31m[Kerror: [m[Kno matching function for call to â€˜[01m[KBRAM::BRAM()[m[Kâ€™
[1.191s]     3 | ng & node_name, const std::string & node_namespace) : rclcpp::Node(node_name, node_namespace[01;31m[K)[m[K {
[1.191s]       |                                                                                             [01;31m[K^[m[K
[1.191s] 
[1.191s] In file included from [01m[K/home/vietdh/ros2_workspace/src/asignment_2_ros/src/kf_node.h:9[m[K,
[1.191s]                  from [01m[K/home/vietdh/ros2_workspace/src/asignment_2_ros/src/kf_node.cpp:1[m[K:
[1.191s] [01m[K/home/vietdh/ros2_workspace/src/asignment_2_ros/src/BRAM-uio-driver/src/bram_uio.h:30:5:[m[K [01;36m[Knote: [m[Kcandidate: â€˜[01m[KBRAM::BRAM(unsigned int, unsigned int)[m[Kâ€™
[1.191s]    30 |     [01;36m[KBRAM[m[K(unsigned int uio_number, unsigned int size) ;
[1.191s]       |     [01;36m[K^~~~[m[K
[1.191s] [01m[K/home/vietdh/ros2_workspace/src/asignment_2_ros/src/BRAM-uio-driver/src/bram_uio.h:30:5:[m[K [01;36m[Knote: [m[K  candidate expects 2 arguments, 0 provided
[1.191s] [01m[K/home/vietdh/ros2_workspace/src/asignment_2_ros/src/BRAM-uio-driver/src/bram_uio.h:27:7:[m[K [01;36m[Knote: [m[Kcandidate: â€˜[01m[Kconstexpr BRAM::BRAM(const BRAM&)[m[Kâ€™
[1.191s]    27 | class [01;36m[KBRAM[m[K {
[1.191s]       |       [01;36m[K^~~~[m[K
[1.191s] [01m[K/home/vietdh/ros2_workspace/src/asignment_2_ros/src/BRAM-uio-driver/src/bram_uio.h:27:7:[m[K [01;36m[Knote: [m[K  candidate expects 1 argument, 0 provided
[1.191s] [01m[K/home/vietdh/ros2_workspace/src/asignment_2_ros/src/BRAM-uio-driver/src/bram_uio.h:27:7:[m[K [01;36m[Knote: [m[Kcandidate: â€˜[01m[Kconstexpr BRAM::BRAM(BRAM&&)[m[Kâ€™
[1.191s] [01m[K/home/vietdh/ros2_workspace/src/asignment_2_ros/src/BRAM-uio-driver/src/bram_uio.h:27:7:[m[K [01;36m[Knote: [m[K  candidate expects 1 argument, 0 provided
[1.191s] [01m[K/home/vietdh/ros2_workspace/src/asignment_2_ros/src/kf_node.cpp:3:123:[m[K [01;31m[Kerror: [m[Kno matching function for call to â€˜[01m[KBRAM::BRAM()[m[Kâ€™
[1.192s]     3 | ng & node_name, const std::string & node_namespace) : rclcpp::Node(node_name, node_namespace[01;31m[K)[m[K {
[1.192s]       |                                                                                             [01;31m[K^[m[K
[1.192s] 
[1.192s] In file included from [01m[K/home/vietdh/ros2_workspace/src/asignment_2_ros/src/kf_node.h:9[m[K,
[1.192s]                  from [01m[K/home/vietdh/ros2_workspace/src/asignment_2_ros/src/kf_node.cpp:1[m[K:
[1.192s] [01m[K/home/vietdh/ros2_workspace/src/asignment_2_ros/src/BRAM-uio-driver/src/bram_uio.h:30:5:[m[K [01;36m[Knote: [m[Kcandidate: â€˜[01m[KBRAM::BRAM(unsigned int, unsigned int)[m[Kâ€™
[1.192s]    30 |     [01;36m[KBRAM[m[K(unsigned int uio_number, unsigned int size) ;
[1.192s]       |     [01;36m[K^~~~[m[K
[1.192s] [01m[K/home/vietdh/ros2_workspace/src/asignment_2_ros/src/BRAM-uio-driver/src/bram_uio.h:30:5:[m[K [01;36m[Knote: [m[K  candidate expects 2 arguments, 0 provided
[1.192s] [01m[K/home/vietdh/ros2_workspace/src/asignment_2_ros/src/BRAM-uio-driver/src/bram_uio.h:27:7:[m[K [01;36m[Knote: [m[Kcandidate: â€˜[01m[Kconstexpr BRAM::BRAM(const BRAM&)[m[Kâ€™
[1.192s]    27 | class [01;36m[KBRAM[m[K {
[1.192s]       |       [01;36m[K^~~~[m[K
[1.192s] [01m[K/home/vietdh/ros2_workspace/src/asignment_2_ros/src/BRAM-uio-driver/src/bram_uio.h:27:7:[m[K [01;36m[Knote: [m[K  candidate expects 1 argument, 0 provided
[1.192s] [01m[K/home/vietdh/ros2_workspace/src/asignment_2_ros/src/BRAM-uio-driver/src/bram_uio.h:27:7:[m[K [01;36m[Knote: [m[Kcandidate: â€˜[01m[Kconstexpr BRAM::BRAM(BRAM&&)[m[Kâ€™
[1.192s] [01m[K/home/vietdh/ros2_workspace/src/asignment_2_ros/src/BRAM-uio-driver/src/bram_uio.h:27:7:[m[K [01;36m[Knote: [m[K  candidate expects 1 argument, 0 provided
[1.199s] [01m[K/home/vietdh/ros2_workspace/src/asignment_2_ros/src/kf_node.cpp:13:7:[m[K [01;35m[Kwarning: [m[Kunused variable â€˜[01m[Kresult[m[Kâ€™ [[01;35m[K-Wunused-variable[m[K]
[1.199s]    13 |   int [01;35m[Kresult[m[K = XKalmanfilterkernel_Initialize(&kf_kernel,"KalmanFilterKernel_0");
[1.199s]       |       [01;35m[K^~~~~~[m[K
[1.204s] [01m[K/home/vietdh/ros2_workspace/src/asignment_2_ros/src/kf_node.cpp:[m[K In member function â€˜[01m[Kvoid KFNode::control_input_callback(std_msgs::msg::Float32MultiArray_<std::allocator<void> >::SharedPtr)[m[Kâ€™:
[1.204s] [01m[K/home/vietdh/ros2_workspace/src/asignment_2_ros/src/kf_node.cpp:94:4:[m[K [01;31m[Kerror: [m[Kâ€˜[01m[Kpos_meas[m[Kâ€™ was not declared in this scope
[1.204s]    94 |    [01;31m[Kpos_meas[m[K =  pos_meas_queue.front();
[1.204s]       |    [01;31m[K^~~~~~~~[m[K
[2.413s] make[2]: *** [CMakeFiles/kf_node.dir/build.make:63: CMakeFiles/kf_node.dir/src/kf_node.cpp.o] Error 1
[2.413s] make[1]: *** [CMakeFiles/Makefile2:78: CMakeFiles/kf_node.dir/all] Error 2
[2.413s] make: *** [Makefile:141: all] Error 2
[2.415s] Invoked command in '/home/vietdh/ros2_workspace/build/kf_package' returned '2': CMAKE_PREFIX_PATH=${CMAKE_PREFIX_PATH}:/opt/ros/foxy /usr/bin/cmake --build /home/vietdh/ros2_workspace/build/kf_package -- -j12 -l12
