[0.011s] Invoking command in '/home/vietdh/ros2_workspace/build/kf_package': CMAKE_PREFIX_PATH=${CMAKE_PREFIX_PATH}:/opt/ros/foxy /usr/bin/cmake --build /home/vietdh/ros2_workspace/build/kf_package -- -j12 -l12
[0.039s] [35m[1mScanning dependencies of target kf_node[0m
[0.056s] [ 20%] [32mBuilding CXX object CMakeFiles/kf_node.dir/src/kf_node.cpp.o[0m
[1.055s] In file included from [01m[K/home/vietdh/ros2_workspace/src/asignment_2_ros/src/kf_node.cpp:1[m[K:
[1.055s] [01m[K/home/vietdh/ros2_workspace/src/asignment_2_ros/src/kf_node.h:58:15:[m[K [01;31m[Kerror: [m[Kexpected identifier before numeric constant
[1.055s]    58 |   BRAM writer([01;31m[K2[m[K, 1024); //check UIO number
[1.055s]       |               [01;31m[K^[m[K
[1.055s] [01m[K/home/vietdh/ros2_workspace/src/asignment_2_ros/src/kf_node.h:58:15:[m[K [01;31m[Kerror: [m[Kexpected â€˜[01m[K,[m[Kâ€™ or â€˜[01m[K...[m[Kâ€™ before numeric constant
[1.055s] [01m[K/home/vietdh/ros2_workspace/src/asignment_2_ros/src/kf_node.h:59:15:[m[K [01;31m[Kerror: [m[Kexpected identifier before numeric constant
[1.055s]    59 |   BRAM reader([01;31m[K1[m[K, 1024);
[1.056s]       |               [01;31m[K^[m[K
[1.056s] [01m[K/home/vietdh/ros2_workspace/src/asignment_2_ros/src/kf_node.h:59:15:[m[K [01;31m[Kerror: [m[Kexpected â€˜[01m[K,[m[Kâ€™ or â€˜[01m[K...[m[Kâ€™ before numeric constant
[1.056s] [01m[K/home/vietdh/ros2_workspace/src/asignment_2_ros/src/kf_node.cpp:[m[K In constructor â€˜[01m[KKFNode::KFNode(const string&, const string&)[m[Kâ€™:
[1.056s] [01m[K/home/vietdh/ros2_workspace/src/asignment_2_ros/src/kf_node.cpp:13:7:[m[K [01;35m[Kwarning: [m[Kunused variable â€˜[01m[Kresult[m[Kâ€™ [[01;35m[K-Wunused-variable[m[K]
[1.056s]    13 |   int [01;35m[Kresult[m[K = XKalmanfilterkernel_Initialize(&kf_kernel,"KalmanFilterKernel_0");
[1.056s]       |       [01;35m[K^~~~~~[m[K
[1.056s] [01m[K/home/vietdh/ros2_workspace/src/asignment_2_ros/src/kf_node.cpp:[m[K In member function â€˜[01m[Kvoid KFNode::pos_meas_callback(std_msgs::msg::Float32MultiArray_<std::allocator<void> >::SharedPtr)[m[Kâ€™:
[1.056s] [01m[K/home/vietdh/ros2_workspace/src/asignment_2_ros/src/kf_node.cpp:59:27:[m[K [01;31m[Kerror: [m[Kinvalid use of member function â€˜[01m[KBRAM KFNode::writer(int)[m[Kâ€™ (did you forget the â€˜[01m[K()[m[Kâ€™ ?)
[1.057s]    59 |    uint32_t *bram0_addr = [01;31m[Kwriter[m[K.GetPointer();
[1.057s]       |                           [01;31m[K^~~~~~[m[K
[1.057s] [01m[K/home/vietdh/ros2_workspace/src/asignment_2_ros/src/kf_node.cpp:60:27:[m[K [01;31m[Kerror: [m[Kinvalid use of member function â€˜[01m[KBRAM KFNode::reader(int)[m[Kâ€™ (did you forget the â€˜[01m[K()[m[Kâ€™ ?)
[1.057s]    60 |    uint32_t *bram1_addr = [01;31m[Kreader[m[K.GetPointer();
[1.057s]       |                           [01;31m[K^~~~~~[m[K
[1.057s] [01m[K/home/vietdh/ros2_workspace/src/asignment_2_ros/src/kf_node.cpp:[m[K In member function â€˜[01m[Kvoid KFNode::control_input_callback(std_msgs::msg::Float32MultiArray_<std::allocator<void> >::SharedPtr)[m[Kâ€™:
[1.057s] [01m[K/home/vietdh/ros2_workspace/src/asignment_2_ros/src/kf_node.cpp:92:27:[m[K [01;31m[Kerror: [m[Kinvalid use of member function â€˜[01m[KBRAM KFNode::writer(int)[m[Kâ€™ (did you forget the â€˜[01m[K()[m[Kâ€™ ?)
[1.057s]    92 |    uint32_t *bram0_addr = [01;31m[Kwriter[m[K.GetPointer();
[1.057s]       |                           [01;31m[K^~~~~~[m[K
[1.057s] [01m[K/home/vietdh/ros2_workspace/src/asignment_2_ros/src/kf_node.cpp:93:27:[m[K [01;31m[Kerror: [m[Kinvalid use of member function â€˜[01m[KBRAM KFNode::reader(int)[m[Kâ€™ (did you forget the â€˜[01m[K()[m[Kâ€™ ?)
[1.058s]    93 |    uint32_t *bram1_addr = [01;31m[Kreader[m[K.GetPointer();
[1.058s]       |                           [01;31m[K^~~~~~[m[K
[2.135s] make[2]: *** [CMakeFiles/kf_node.dir/build.make:63: CMakeFiles/kf_node.dir/src/kf_node.cpp.o] Error 1
[2.135s] make[1]: *** [CMakeFiles/Makefile2:78: CMakeFiles/kf_node.dir/all] Error 2
[2.136s] make: *** [Makefile:141: all] Error 2
[2.138s] Invoked command in '/home/vietdh/ros2_workspace/build/kf_package' returned '2': CMAKE_PREFIX_PATH=${CMAKE_PREFIX_PATH}:/opt/ros/foxy /usr/bin/cmake --build /home/vietdh/ros2_workspace/build/kf_package -- -j12 -l12
